app/build/intermediates/manifest_merge_blame_file/debug/manifest-merger-blame-debug-report.txt
1<?xml version="1.0" encoding="utf-8"?>
2<manifest xmlns:android="http://schemas.android.com/apk/res/android"
3    package="com.example.shen"
4    android:versionCode="1"
5    android:versionName="1.0" >
6
7    <uses-sdk
8        android:minSdkVersion="21"
8-->src\main\AndroidManifest.xml
9        android:targetSdkVersion="30" />
9-->src\main\AndroidManifest.xml
10
11    <uses-permission android:name="android.permission.INTERNET" />
11-->src\main\AndroidManifest.xml:5:5-66
11-->src\main\AndroidManifest.xml:5:22-64
12    <uses-permission android:name="android.permission.ACCESS_FINE_LOCATION" />
12-->src\main\AndroidManifest.xml:6:5-78
12-->src\main\AndroidManifest.xml:6:22-76
13    <uses-permission android:name="android.permission.ACCESS_COARSE_LOCATION" />
13-->src\main\AndroidManifest.xml:7:5-80
13-->src\main\AndroidManifest.xml:7:22-78
14    <uses-permission android:name="android.permission.ACCESS_NETWORK_STATE" />
14-->[com.firebaseui:firebase-ui-auth:4.3.1] AndroidManifest.xml:12:5-79
14-->[com.firebaseui:firebase-ui-auth:4.3.1] AndroidManifest.xml:12:22-76
15
16    <uses-feature
16-->[com.google.android.gms:play-services-maps:17.0.0] AndroidManifest.xml:26:5-28:35
17        android:glEsVersion="0x00020000"
17-->[com.google.android.gms:play-services-maps:17.0.0] AndroidManifest.xml:27:9-41
18        android:required="true" />
18-->[com.google.android.gms:play-services-maps:17.0.0] AndroidManifest.xml:28:9-32
19
20    <uses-permission android:name="android.permission.WAKE_LOCK" />
20-->[com.google.android.gms:play-services-measurement-api:20.0.0] AndroidManifest.xml:24:5-68
20-->[com.google.android.gms:play-services-measurement-api:20.0.0] AndroidManifest.xml:24:22-65
21    <uses-permission android:name="com.google.android.finsky.permission.BIND_GET_INSTALL_REFERRER_SERVICE" />
21-->[com.google.android.gms:play-services-measurement:20.0.0] AndroidManifest.xml:26:5-110
21-->[com.google.android.gms:play-services-measurement:20.0.0] AndroidManifest.xml:26:22-107
22
23    <application
23-->src\main\AndroidManifest.xml:8:5-30:19
24        android:allowBackup="true"
24-->src\main\AndroidManifest.xml:9:9-35
25        android:appComponentFactory="androidx.core.app.CoreComponentFactory"
25-->[androidx.core:core:1.5.0] AndroidManifest.xml:24:18-86
26        android:debuggable="true"
27        android:icon="@mipmap/ic_launcher"
27-->src\main\AndroidManifest.xml:10:9-43
28        android:label="@string/app_name"
28-->src\main\AndroidManifest.xml:11:9-41
29        android:roundIcon="@mipmap/ic_launcher_round"
29-->src\main\AndroidManifest.xml:12:9-54
30        android:supportsRtl="true"
30-->src\main\AndroidManifest.xml:13:9-35
31        android:testOnly="true"
32        android:theme="@style/Theme.Shen" >
32-->src\main\AndroidManifest.xml:14:9-42
33        <meta-data
33-->src\main\AndroidManifest.xml:16:9-17:57
34            android:name="com.google.android.geo.API_KEY"
34-->src\main\AndroidManifest.xml:16:20-65
35            android:value="@string/map_key" />
35-->src\main\AndroidManifest.xml:17:13-44
36
37        <activity
37-->src\main\AndroidManifest.xml:19:9-26:20
38            android:name="services.mapLocation"
38-->src\main\AndroidManifest.xml:20:13-48
39            android:exported="true" >
39-->src\main\AndroidManifest.xml:21:13-36
40            <intent-filter>
40-->src\main\AndroidManifest.xml:22:13-25:29
41                <action android:name="android.intent.action.MAIN" />
41-->src\main\AndroidManifest.xml:23:17-69
41-->src\main\AndroidManifest.xml:23:25-66
42
43                <category android:name="android.intent.category.LAUNCHER" />
43-->src\main\AndroidManifest.xml:24:17-77
43-->src\main\AndroidManifest.xml:24:27-74
44            </intent-filter>
45        </activity>
46        <activity android:name="com.example.shen.Client" />
46-->src\main\AndroidManifest.xml:27:9-44
46-->src\main\AndroidManifest.xml:27:19-41
47        <activity android:name="services.Service" />
47-->src\main\AndroidManifest.xml:28:9-53
47-->src\main\AndroidManifest.xml:28:19-50
48
49        <meta-data
49-->[com.firebaseui:firebase-ui-auth:4.3.1] AndroidManifest.xml:16:9-18:69
50            android:name="com.google.android.gms.version"
50-->[com.firebaseui:firebase-ui-auth:4.3.1] AndroidManifest.xml:17:13-58
51            android:value="@integer/google_play_services_version" />
51-->[com.firebaseui:firebase-ui-auth:4.3.1] AndroidManifest.xml:18:13-66
52        <meta-data
52-->[com.firebaseui:firebase-ui-auth:4.3.1] AndroidManifest.xml:19:9-21:63
53            android:name="com.facebook.sdk.ApplicationId"
53-->[com.firebaseui:firebase-ui-auth:4.3.1] AndroidManifest.xml:20:13-58
54            android:value="@string/facebook_application_id" />
54-->[com.firebaseui:firebase-ui-auth:4.3.1] AndroidManifest.xml:21:13-60
55
56        <activity
56-->[com.firebaseui:firebase-ui-auth:4.3.1] AndroidManifest.xml:23:9-27:61
57            android:name="com.firebase.ui.auth.KickoffActivity"
57-->[com.firebaseui:firebase-ui-auth:4.3.1] AndroidManifest.xml:24:13-64
58            android:exported="false"
58-->[com.firebaseui:firebase-ui-auth:4.3.1] AndroidManifest.xml:25:13-37
59            android:label=""
59-->[com.firebaseui:firebase-ui-auth:4.3.1] AndroidManifest.xml:26:13-29
60            android:theme="@style/FirebaseUI.Transparent" />
60-->[com.firebaseui:firebase-ui-auth:4.3.1] AndroidManifest.xml:27:13-58
61        <activity
61-->[com.firebaseui:firebase-ui-auth:4.3.1] AndroidManifest.xml:28:9-32:61
62            android:name="com.firebase.ui.auth.ui.idp.SingleSignInActivity"
62-->[com.firebaseui:firebase-ui-auth:4.3.1] AndroidManifest.xml:29:13-76
63            android:exported="false"
63-->[com.firebaseui:firebase-ui-auth:4.3.1] AndroidManifest.xml:30:13-37
64            android:label=""
64-->[com.firebaseui:firebase-ui-auth:4.3.1] AndroidManifest.xml:31:13-29
65            android:theme="@style/FirebaseUI.Transparent" />
65-->[com.firebaseui:firebase-ui-auth:4.3.1] AndroidManifest.xml:32:13-58
66        <activity
66-->[com.firebaseui:firebase-ui-auth:4.3.1] AndroidManifest.xml:33:9-37:61
67            android:name="com.firebase.ui.auth.ui.credentials.CredentialSaveActivity"
67-->[com.firebaseui:firebase-ui-auth:4.3.1] AndroidManifest.xml:34:13-86
68            android:exported="false"
68-->[com.firebaseui:firebase-ui-auth:4.3.1] AndroidManifest.xml:35:13-37
69            android:label=""
69-->[com.firebaseui:firebase-ui-auth:4.3.1] AndroidManifest.xml:36:13-29
70            android:theme="@style/FirebaseUI.Transparent" />
70-->[com.firebaseui:firebase-ui-auth:4.3.1] AndroidManifest.xml:37:13-58
71        <activity
71-->[com.firebaseui:firebase-ui-auth:4.3.1] AndroidManifest.xml:38:9-42:58
72            android:name="com.firebase.ui.auth.ui.email.RecoverPasswordActivity"
72-->[com.firebaseui:firebase-ui-auth:4.3.1] AndroidManifest.xml:39:13-81
73            android:exported="false"
73-->[com.firebaseui:firebase-ui-auth:4.3.1] AndroidManifest.xml:40:13-37
74            android:label="@string/fui_title_recover_password_activity"
74-->[com.firebaseui:firebase-ui-auth:4.3.1] AndroidManifest.xml:41:13-72
75            android:windowSoftInputMode="adjustResize" />
75-->[com.firebaseui:firebase-ui-auth:4.3.1] AndroidManifest.xml:42:13-55
76        <activity
76-->[com.firebaseui:firebase-ui-auth:4.3.1] AndroidManifest.xml:43:9-47:58
77            android:name="com.firebase.ui.auth.ui.email.EmailActivity"
77-->[com.firebaseui:firebase-ui-auth:4.3.1] AndroidManifest.xml:44:13-71
78            android:exported="false"
78-->[com.firebaseui:firebase-ui-auth:4.3.1] AndroidManifest.xml:45:13-37
79            android:label="@string/fui_sign_in_default"
79-->[com.firebaseui:firebase-ui-auth:4.3.1] AndroidManifest.xml:46:13-56
80            android:windowSoftInputMode="adjustResize" />
80-->[com.firebaseui:firebase-ui-auth:4.3.1] AndroidManifest.xml:47:13-55
81        <activity
81-->[com.firebaseui:firebase-ui-auth:4.3.1] AndroidManifest.xml:48:9-52:77
82            android:name="com.firebase.ui.auth.ui.phone.PhoneActivity"
82-->[com.firebaseui:firebase-ui-auth:4.3.1] AndroidManifest.xml:49:13-71
83            android:exported="false"
83-->[com.firebaseui:firebase-ui-auth:4.3.1] AndroidManifest.xml:50:13-37
84            android:label="@string/fui_sign_in_with_phone_number"
84-->[com.firebaseui:firebase-ui-auth:4.3.1] AndroidManifest.xml:51:13-66
85            android:windowSoftInputMode="adjustResize|stateAlwaysVisible" />
85-->[com.firebaseui:firebase-ui-auth:4.3.1] AndroidManifest.xml:52:13-74
86        <activity
86-->[com.firebaseui:firebase-ui-auth:4.3.1] AndroidManifest.xml:53:9-57:58
87            android:name="com.firebase.ui.auth.ui.idp.WelcomeBackIdpPrompt"
87-->[com.firebaseui:firebase-ui-auth:4.3.1] AndroidManifest.xml:54:13-76
88            android:exported="false"
88-->[com.firebaseui:firebase-ui-auth:4.3.1] AndroidManifest.xml:55:13-37
89            android:label="@string/fui_title_welcome_back_idp_prompt"
89-->[com.firebaseui:firebase-ui-auth:4.3.1] AndroidManifest.xml:56:13-70
90            android:windowSoftInputMode="adjustResize" />
90-->[com.firebaseui:firebase-ui-auth:4.3.1] AndroidManifest.xml:57:13-55
91        <activity
91-->[com.firebaseui:firebase-ui-auth:4.3.1] AndroidManifest.xml:58:9-62:58
92            android:name="com.firebase.ui.auth.ui.email.WelcomeBackPasswordPrompt"
92-->[com.firebaseui:firebase-ui-auth:4.3.1] AndroidManifest.xml:59:13-83
93            android:exported="false"
93-->[com.firebaseui:firebase-ui-auth:4.3.1] AndroidManifest.xml:60:13-37
94            android:label="@string/fui_title_welcome_back_password_prompt"
94-->[com.firebaseui:firebase-ui-auth:4.3.1] AndroidManifest.xml:61:13-75
95            android:windowSoftInputMode="adjustResize" />
95-->[com.firebaseui:firebase-ui-auth:4.3.1] AndroidManifest.xml:62:13-55
96        <activity
96-->[com.firebaseui:firebase-ui-auth:4.3.1] AndroidManifest.xml:63:9-67:58
97            android:name="com.firebase.ui.auth.ui.email.WelcomeBackEmailLinkPrompt"
97-->[com.firebaseui:firebase-ui-auth:4.3.1] AndroidManifest.xml:64:13-84
98            android:exported="false"
98-->[com.firebaseui:firebase-ui-auth:4.3.1] AndroidManifest.xml:65:13-37
99            android:label="@string/fui_title_welcome_back_password_prompt"
99-->[com.firebaseui:firebase-ui-auth:4.3.1] AndroidManifest.xml:66:13-75
100            android:windowSoftInputMode="adjustResize" />
100-->[com.firebaseui:firebase-ui-auth:4.3.1] AndroidManifest.xml:67:13-55
101        <activity
101-->[com.firebaseui:firebase-ui-auth:4.3.1] AndroidManifest.xml:68:9-73:58
102            android:name="com.firebase.ui.auth.ui.email.EmailLinkCatcherActivity"
102-->[com.firebaseui:firebase-ui-auth:4.3.1] AndroidManifest.xml:69:13-82
103            android:exported="false"
103-->[com.firebaseui:firebase-ui-auth:4.3.1] AndroidManifest.xml:70:13-37
104            android:label=""
104-->[com.firebaseui:firebase-ui-auth:4.3.1] AndroidManifest.xml:71:13-29
105            android:theme="@style/FirebaseUI.Transparent"
105-->[com.firebaseui:firebase-ui-auth:4.3.1] AndroidManifest.xml:72:13-58
106            android:windowSoftInputMode="adjustResize" />
106-->[com.firebaseui:firebase-ui-auth:4.3.1] AndroidManifest.xml:73:13-55
107        <activity
107-->[com.firebaseui:firebase-ui-auth:4.3.1] AndroidManifest.xml:74:9-78:58
108            android:name="com.firebase.ui.auth.ui.email.EmailLinkErrorRecoveryActivity"
108-->[com.firebaseui:firebase-ui-auth:4.3.1] AndroidManifest.xml:75:13-88
109            android:exported="false"
109-->[com.firebaseui:firebase-ui-auth:4.3.1] AndroidManifest.xml:76:13-37
110            android:label="@string/fui_sign_in_default"
110-->[com.firebaseui:firebase-ui-auth:4.3.1] AndroidManifest.xml:77:13-56
111            android:windowSoftInputMode="adjustResize" />
111-->[com.firebaseui:firebase-ui-auth:4.3.1] AndroidManifest.xml:78:13-55
112        <activity
112-->[com.firebaseui:firebase-ui-auth:4.3.1] AndroidManifest.xml:79:9-82:65
113            android:name="com.firebase.ui.auth.ui.idp.AuthMethodPickerActivity"
113-->[com.firebaseui:firebase-ui-auth:4.3.1] AndroidManifest.xml:80:13-80
114            android:exported="false"
114-->[com.firebaseui:firebase-ui-auth:4.3.1] AndroidManifest.xml:81:13-37
115            android:label="@string/fui_default_toolbar_title" />
115-->[com.firebaseui:firebase-ui-auth:4.3.1] AndroidManifest.xml:82:13-62
116        <activity
116-->[com.firebaseui:firebase-ui-auth:4.3.1] AndroidManifest.xml:83:9-87:48
117            android:name="com.facebook.FacebookActivity"
117-->[com.firebaseui:firebase-ui-auth:4.3.1] AndroidManifest.xml:84:13-57
118            android:configChanges="keyboard|keyboardHidden|screenLayout|screenSize|orientation"
118-->[com.firebaseui:firebase-ui-auth:4.3.1] AndroidManifest.xml:85:13-96
119            android:label="@string/app_name" />
119-->[com.firebaseui:firebase-ui-auth:4.3.1] AndroidManifest.xml:86:13-45
120        <activity
120-->[com.firebaseui:firebase-ui-auth:4.3.1] AndroidManifest.xml:88:9-100:20
121            android:name="com.facebook.CustomTabActivity"
121-->[com.firebaseui:firebase-ui-auth:4.3.1] AndroidManifest.xml:89:13-58
122            android:exported="true" >
122-->[com.firebaseui:firebase-ui-auth:4.3.1] AndroidManifest.xml:90:13-36
123            <intent-filter>
123-->[com.firebaseui:firebase-ui-auth:4.3.1] AndroidManifest.xml:92:13-99:29
124                <action android:name="android.intent.action.VIEW" />
124-->[com.firebaseui:firebase-ui-auth:4.3.1] AndroidManifest.xml:93:17-69
124-->[com.firebaseui:firebase-ui-auth:4.3.1] AndroidManifest.xml:93:25-66
125
126                <category android:name="android.intent.category.DEFAULT" />
126-->[com.firebaseui:firebase-ui-auth:4.3.1] AndroidManifest.xml:95:17-76
126-->[com.firebaseui:firebase-ui-auth:4.3.1] AndroidManifest.xml:95:27-73
127                <category android:name="android.intent.category.BROWSABLE" />
127-->[com.firebaseui:firebase-ui-auth:4.3.1] AndroidManifest.xml:96:17-78
127-->[com.firebaseui:firebase-ui-auth:4.3.1] AndroidManifest.xml:96:27-75
128
129                <data android:scheme="@string/facebook_login_protocol_scheme" />
129-->[com.firebaseui:firebase-ui-auth:4.3.1] AndroidManifest.xml:98:17-81
129-->[com.firebaseui:firebase-ui-auth:4.3.1] AndroidManifest.xml:98:23-78
130            </intent-filter>
131        </activity>
132
133        <provider
133-->[com.firebaseui:firebase-ui-auth:4.3.1] AndroidManifest.xml:102:9-106:38
134            android:name="com.firebase.ui.auth.data.client.AuthUiInitProvider"
134-->[com.firebaseui:firebase-ui-auth:4.3.1] AndroidManifest.xml:103:13-79
135            android:authorities="com.example.shen.authuiinitprovider"
135-->[com.firebaseui:firebase-ui-auth:4.3.1] AndroidManifest.xml:104:13-70
136            android:exported="false"
136-->[com.firebaseui:firebase-ui-auth:4.3.1] AndroidManifest.xml:105:13-37
137            android:initOrder="90" /> <!-- Needs to be explicitly declared on P+ -->
137-->[com.firebaseui:firebase-ui-auth:4.3.1] AndroidManifest.xml:106:13-35
138        <uses-library
138-->[com.google.android.gms:play-services-maps:17.0.0] AndroidManifest.xml:33:9-35:40
139            android:name="org.apache.http.legacy"
139-->[com.google.android.gms:play-services-maps:17.0.0] AndroidManifest.xml:34:13-50
140            android:required="false" />
140-->[com.google.android.gms:play-services-maps:17.0.0] AndroidManifest.xml:35:13-37
141
142        <activity
142-->[com.google.firebase:firebase-auth:21.0.1] AndroidManifest.xml:27:9-44:20
143            android:name="com.google.firebase.auth.internal.GenericIdpActivity"
143-->[com.google.firebase:firebase-auth:21.0.1] AndroidManifest.xml:28:13-80
144            android:excludeFromRecents="true"
144-->[com.google.firebase:firebase-auth:21.0.1] AndroidManifest.xml:29:13-46
145            android:exported="true"
145-->[com.google.firebase:firebase-auth:21.0.1] AndroidManifest.xml:30:13-36
146            android:launchMode="singleTask"
146-->[com.google.firebase:firebase-auth:21.0.1] AndroidManifest.xml:31:13-44
147            android:theme="@android:style/Theme.Translucent.NoTitleBar" >
147-->[com.google.firebase:firebase-auth:21.0.1] AndroidManifest.xml:32:13-72
148            <intent-filter>
148-->[com.google.firebase:firebase-auth:21.0.1] AndroidManifest.xml:33:13-43:29
149                <action android:name="android.intent.action.VIEW" />
149-->[com.firebaseui:firebase-ui-auth:4.3.1] AndroidManifest.xml:93:17-69
149-->[com.firebaseui:firebase-ui-auth:4.3.1] AndroidManifest.xml:93:25-66
150
151                <category android:name="android.intent.category.DEFAULT" />
151-->[com.firebaseui:firebase-ui-auth:4.3.1] AndroidManifest.xml:95:17-76
151-->[com.firebaseui:firebase-ui-auth:4.3.1] AndroidManifest.xml:95:27-73
152                <category android:name="android.intent.category.BROWSABLE" />
152-->[com.firebaseui:firebase-ui-auth:4.3.1] AndroidManifest.xml:96:17-78
152-->[com.firebaseui:firebase-ui-auth:4.3.1] AndroidManifest.xml:96:27-75
153
154                <data
154-->[com.firebaseui:firebase-ui-auth:4.3.1] AndroidManifest.xml:98:17-81
155                    android:host="firebase.auth"
156                    android:path="/"
157                    android:scheme="genericidp" />
157-->[com.firebaseui:firebase-ui-auth:4.3.1] AndroidManifest.xml:98:23-78
158            </intent-filter>
159        </activity>
160        <activity
160-->[com.google.firebase:firebase-auth:21.0.1] AndroidManifest.xml:45:9-62:20
161            android:name="com.google.firebase.auth.internal.RecaptchaActivity"
161-->[com.google.firebase:firebase-auth:21.0.1] AndroidManifest.xml:46:13-79
162            android:excludeFromRecents="true"
162-->[com.google.firebase:firebase-auth:21.0.1] AndroidManifest.xml:47:13-46
163            android:exported="true"
163-->[com.google.firebase:firebase-auth:21.0.1] AndroidManifest.xml:48:13-36
164            android:launchMode="singleTask"
164-->[com.google.firebase:firebase-auth:21.0.1] AndroidManifest.xml:49:13-44
165            android:theme="@android:style/Theme.Translucent.NoTitleBar" >
165-->[com.google.firebase:firebase-auth:21.0.1] AndroidManifest.xml:50:13-72
166            <intent-filter>
166-->[com.google.firebase:firebase-auth:21.0.1] AndroidManifest.xml:51:13-61:29
167                <action android:name="android.intent.action.VIEW" />
167-->[com.firebaseui:firebase-ui-auth:4.3.1] AndroidManifest.xml:93:17-69
167-->[com.firebaseui:firebase-ui-auth:4.3.1] AndroidManifest.xml:93:25-66
168
169                <category android:name="android.intent.category.DEFAULT" />
169-->[com.firebaseui:firebase-ui-auth:4.3.1] AndroidManifest.xml:95:17-76
169-->[com.firebaseui:firebase-ui-auth:4.3.1] AndroidManifest.xml:95:27-73
170                <category android:name="android.intent.category.BROWSABLE" />
170-->[com.firebaseui:firebase-ui-auth:4.3.1] AndroidManifest.xml:96:17-78
170-->[com.firebaseui:firebase-ui-auth:4.3.1] AndroidManifest.xml:96:27-75
171
172                <data
172-->[com.firebaseui:firebase-ui-auth:4.3.1] AndroidManifest.xml:98:17-81
173                    android:host="firebase.auth"
174                    android:path="/"
175                    android:scheme="recaptcha" />
175-->[com.firebaseui:firebase-ui-auth:4.3.1] AndroidManifest.xml:98:23-78
176            </intent-filter>
177        </activity>
178
179        <service
179-->[com.google.firebase:firebase-auth:21.0.1] AndroidManifest.xml:64:9-73:19
180            android:name="com.google.firebase.auth.api.fallback.service.FirebaseAuthFallbackService"
180-->[com.google.firebase:firebase-auth:21.0.1] AndroidManifest.xml:65:13-101
181            android:enabled="true"
181-->[com.google.firebase:firebase-auth:21.0.1] AndroidManifest.xml:66:13-35
182            android:exported="false" >
182-->[com.google.firebase:firebase-auth:21.0.1] AndroidManifest.xml:67:13-37
183            <intent-filter>
183-->[com.google.firebase:firebase-auth:21.0.1] AndroidManifest.xml:68:13-72:29
184                <action android:name="com.google.firebase.auth.api.gms.service.START" />
184-->[com.google.firebase:firebase-auth:21.0.1] AndroidManifest.xml:69:17-89
184-->[com.google.firebase:firebase-auth:21.0.1] AndroidManifest.xml:69:25-86
185
186                <category android:name="android.intent.category.DEFAULT" />
186-->[com.firebaseui:firebase-ui-auth:4.3.1] AndroidManifest.xml:95:17-76
186-->[com.firebaseui:firebase-ui-auth:4.3.1] AndroidManifest.xml:95:27-73
187            </intent-filter>
188        </service>
189        <service
189-->[com.google.firebase:firebase-auth:21.0.1] AndroidManifest.xml:74:9-80:19
190            android:name="com.google.firebase.components.ComponentDiscoveryService"
190-->[com.google.firebase:firebase-auth:21.0.1] AndroidManifest.xml:75:13-84
191            android:directBootAware="true"
191-->[com.google.firebase:firebase-common:20.0.0] AndroidManifest.xml:35:13-43
192            android:exported="false" >
192-->[com.google.firebase:firebase-auth:21.0.1] AndroidManifest.xml:76:13-37
193            <meta-data
193-->[com.google.firebase:firebase-auth:21.0.1] AndroidManifest.xml:77:13-79:85
194                android:name="com.google.firebase.components:com.google.firebase.auth.FirebaseAuthRegistrar"
194-->[com.google.firebase:firebase-auth:21.0.1] AndroidManifest.xml:78:17-109
195                android:value="com.google.firebase.components.ComponentRegistrar" />
195-->[com.google.firebase:firebase-auth:21.0.1] AndroidManifest.xml:79:17-82
196            <meta-data
196-->[com.google.android.gms:play-services-measurement-api:20.0.0] AndroidManifest.xml:30:13-32:85
197                android:name="com.google.firebase.components:com.google.firebase.analytics.connector.internal.AnalyticsConnectorRegistrar"
197-->[com.google.android.gms:play-services-measurement-api:20.0.0] AndroidManifest.xml:31:17-139
198                android:value="com.google.firebase.components.ComponentRegistrar" />
198-->[com.google.android.gms:play-services-measurement-api:20.0.0] AndroidManifest.xml:32:17-82
199            <meta-data
199-->[com.google.firebase:firebase-installations:17.0.0] AndroidManifest.xml:18:13-20:85
200                android:name="com.google.firebase.components:com.google.firebase.installations.FirebaseInstallationsRegistrar"
200-->[com.google.firebase:firebase-installations:17.0.0] AndroidManifest.xml:19:17-127
201                android:value="com.google.firebase.components.ComponentRegistrar" />
201-->[com.google.firebase:firebase-installations:17.0.0] AndroidManifest.xml:20:17-82
202        </service>
203
204        <activity
204-->[com.google.android.gms:play-services-auth:19.2.0] AndroidManifest.xml:23:9-27:75
205            android:name="com.google.android.gms.auth.api.signin.internal.SignInHubActivity"
205-->[com.google.android.gms:play-services-auth:19.2.0] AndroidManifest.xml:24:13-93
206            android:excludeFromRecents="true"
206-->[com.google.android.gms:play-services-auth:19.2.0] AndroidManifest.xml:25:13-46
207            android:exported="false"
207-->[com.google.android.gms:play-services-auth:19.2.0] AndroidManifest.xml:26:13-37
208            android:theme="@android:style/Theme.Translucent.NoTitleBar" />
208-->[com.google.android.gms:play-services-auth:19.2.0] AndroidManifest.xml:27:13-72
209        <!--
210            Service handling Google Sign-In user revocation. For apps that do not integrate with
211            Google Sign-In, this service will never be started.
212        -->
213        <service
213-->[com.google.android.gms:play-services-auth:19.2.0] AndroidManifest.xml:33:9-37:51
214            android:name="com.google.android.gms.auth.api.signin.RevocationBoundService"
214-->[com.google.android.gms:play-services-auth:19.2.0] AndroidManifest.xml:34:13-89
215            android:exported="true"
215-->[com.google.android.gms:play-services-auth:19.2.0] AndroidManifest.xml:35:13-36
216            android:permission="com.google.android.gms.auth.api.signin.permission.REVOCATION_NOTIFICATION"
216-->[com.google.android.gms:play-services-auth:19.2.0] AndroidManifest.xml:36:13-107
217            android:visibleToInstantApps="true" />
217-->[com.google.android.gms:play-services-auth:19.2.0] AndroidManifest.xml:37:13-48
218
219        <provider
219-->[com.google.firebase:firebase-common:20.0.0] AndroidManifest.xml:26:9-31:39
220            android:name="com.google.firebase.provider.FirebaseInitProvider"
220-->[com.google.firebase:firebase-common:20.0.0] AndroidManifest.xml:27:13-77
221            android:authorities="com.example.shen.firebaseinitprovider"
221-->[com.google.firebase:firebase-common:20.0.0] AndroidManifest.xml:28:13-72
222            android:directBootAware="true"
222-->[com.google.firebase:firebase-common:20.0.0] AndroidManifest.xml:29:13-43
223            android:exported="false"
223-->[com.google.firebase:firebase-common:20.0.0] AndroidManifest.xml:30:13-37
224            android:initOrder="100" />
224-->[com.google.firebase:firebase-common:20.0.0] AndroidManifest.xml:31:13-36
225
226        <activity
226-->[com.google.android.gms:play-services-base:17.5.0] AndroidManifest.xml:23:9-26:75
227            android:name="com.google.android.gms.common.api.GoogleApiActivity"
227-->[com.google.android.gms:play-services-base:17.5.0] AndroidManifest.xml:24:13-79
228            android:exported="false"
228-->[com.google.android.gms:play-services-base:17.5.0] AndroidManifest.xml:25:13-37
229            android:theme="@android:style/Theme.Translucent.NoTitleBar" />
229-->[com.google.android.gms:play-services-base:17.5.0] AndroidManifest.xml:26:13-72
230
231        <receiver
231-->[com.google.android.gms:play-services-measurement:20.0.0] AndroidManifest.xml:29:9-33:20
232            android:name="com.google.android.gms.measurement.AppMeasurementReceiver"
232-->[com.google.android.gms:play-services-measurement:20.0.0] AndroidManifest.xml:30:13-85
233            android:enabled="true"
233-->[com.google.android.gms:play-services-measurement:20.0.0] AndroidManifest.xml:31:13-35
234            android:exported="false" >
234-->[com.google.android.gms:play-services-measurement:20.0.0] AndroidManifest.xml:32:13-37
235        </receiver>
236
237        <service
237-->[com.google.android.gms:play-services-measurement:20.0.0] AndroidManifest.xml:35:9-38:40
238            android:name="com.google.android.gms.measurement.AppMeasurementService"
238-->[com.google.android.gms:play-services-measurement:20.0.0] AndroidManifest.xml:36:13-84
239            android:enabled="true"
239-->[com.google.android.gms:play-services-measurement:20.0.0] AndroidManifest.xml:37:13-35
240            android:exported="false" />
240-->[com.google.android.gms:play-services-measurement:20.0.0] AndroidManifest.xml:38:13-37
241        <service
241-->[com.google.android.gms:play-services-measurement:20.0.0] AndroidManifest.xml:39:9-43:72
242            android:name="com.google.android.gms.measurement.AppMeasurementJobService"
242-->[com.google.android.gms:play-services-measurement:20.0.0] AndroidManifest.xml:40:13-87
243            android:enabled="true"
243-->[com.google.android.gms:play-services-measurement:20.0.0] AndroidManifest.xml:41:13-35
244            android:exported="false"
244-->[com.google.android.gms:play-services-measurement:20.0.0] AndroidManifest.xml:42:13-37
245            android:permission="android.permission.BIND_JOB_SERVICE" />
245-->[com.google.android.gms:play-services-measurement:20.0.0] AndroidManifest.xml:43:13-69
246
247        <provider
247-->[androidx.lifecycle:lifecycle-process:2.0.0] AndroidManifest.xml:23:9-27:43
248            android:name="androidx.lifecycle.ProcessLifecycleOwnerInitializer"
248-->[androidx.lifecycle:lifecycle-process:2.0.0] AndroidManifest.xml:24:13-79
249            android:authorities="com.example.shen.lifecycle-process"
249-->[androidx.lifecycle:lifecycle-process:2.0.0] AndroidManifest.xml:25:13-69
250            android:exported="false"
250-->[androidx.lifecycle:lifecycle-process:2.0.0] AndroidManifest.xml:26:13-37
251            android:multiprocess="true" />
251-->[androidx.lifecycle:lifecycle-process:2.0.0] AndroidManifest.xml:27:13-40
252    </application>
253
254</manifest>